<?xml version="1.0" encoding="UTF-8"?>
<testsuite name="demoqa.TextBoxTests" tests="2" skipped="0" failures="0" errors="0" timestamp="2023-08-10T03:42:02" hostname="Georges-Air-M1.lan" time="7.43">
  <properties/>
  <testcase name="fullFormTest()" classname="demoqa.TextBoxTests" time="6.032"/>
  <testcase name="fullFormTest2()" classname="demoqa.TextBoxTests" time="1.398"/>
  <system-out><![CDATA[]]></system-out>
  <system-err><![CDATA[[Test worker] INFO com.codeborne.selenide.impl.WebDriverThreadLocalContainer - No webdriver is bound to current thread: 1 - let's create a new webdriver
[Test worker] INFO com.codeborne.selenide.impl.FileHelper - Creating folder: /Users/George/IdeaProjects/demoqa-tests-17/build/downloads/1691638922572_95356_1
[Test worker] INFO com.codeborne.selenide.webdriver.SelenideNettyClientFactory - Changed readTimeout from PT3M to PT1M30S
[Test worker] INFO com.codeborne.selenide.webdriver.SelenideNettyClientFactory - Changed readTimeout from PT3M to PT1M30S
[Test worker] INFO com.codeborne.selenide.webdriver.WebDriverFactory - BrowserName=chrome Version=115.0.5790.170 Platform=mac
[Test worker] INFO com.codeborne.selenide.webdriver.WebDriverFactory - Selenide v. 6.17.0
[Test worker] INFO com.codeborne.selenide.webdriver.WebDriverFactory - Selenium WebDriver v. 4.11.0 build revision: 040bc5406b
[Test worker] INFO com.codeborne.selenide.drivercommands.CreateDriverCommand - Created webdriver in thread 1: ChromeDriver -> ChromeDriver: chrome on mac (14ba501fca3e51d7490a3d9edcdeeed9)
[Test worker] INFO com.codeborne.selenide.drivercommands.DisposablesRegistry - Register WebDriverInstance[config=StaticConfig,webDriver=ChromeDriver: chrome on mac (14ba501fca3e51d7490a3d9edcdeeed9),proxy=null,downloadsFolder=/Users/George/IdeaProjects/demoqa-tests-17/build/downloads/1691638922572_95356_1] in 1 [size=1]
[Test worker] INFO com.codeborne.selenide.drivercommands.DisposablesRegistry - Add shutdown hook in 1 [size=1]
]]></system-err>
</testsuite>
